[2018-04-23T11:40:10.199] [DEBUG] cheese - null
[2018-04-23T11:40:43.066] [DEBUG] cheese - null
[2018-04-23T11:40:43.074] [DEBUG] cheese - null
[2018-04-23T11:41:46.211] [DEBUG] cheese - null
[2018-04-23T11:41:49.085] [DEBUG] cheese - null
[2018-04-23T11:41:49.089] [DEBUG] cheese - null
[2018-04-23T11:42:23.529] [DEBUG] cheese - null
[2018-04-23T11:42:23.536] [DEBUG] cheese - null
[2018-04-23T11:43:06.822] [DEBUG] cheese - null
[2018-04-23T11:43:06.828] [DEBUG] cheese - null
[2018-04-23T11:49:22.142] [DEBUG] cheese - null
[2018-04-23T11:49:22.149] [DEBUG] cheese - null
[2018-04-23T11:53:20.459] [DEBUG] cheese - null
[2018-04-23T11:53:20.477] [DEBUG] cheese - null
[2018-04-23T11:57:06.664] [DEBUG] cheese - null
[2018-04-23T11:57:06.708] [DEBUG] cheese - null
[2018-04-23T11:59:30.322] [DEBUG] cheese - null
[2018-04-23T11:59:30.325] [DEBUG] cheese - null
[2018-04-23T11:59:42.681] [DEBUG] cheese - null
[2018-04-23T11:59:42.686] [DEBUG] cheese - null
[2018-04-23T12:07:43.506] [DEBUG] cheese - null
[2018-04-23T12:07:47.812] [DEBUG] cheese - null
[2018-04-23T12:07:47.815] [DEBUG] cheese - null
[2018-04-23T12:07:52.833] [DEBUG] cheese - null
[2018-04-23T12:07:52.835] [DEBUG] cheese - null
[2018-04-23T12:07:55.679] [DEBUG] cheese - null
[2018-04-23T12:07:55.682] [DEBUG] cheese - null
[2018-04-23T12:14:02.440] [DEBUG] cheese - null
[2018-04-23T12:14:04.885] [DEBUG] cheese - null
[2018-04-23T12:14:04.888] [DEBUG] cheese - null
[2018-04-23T12:58:33.552] [DEBUG] cheese - null
[2018-04-23T12:58:33.562] [DEBUG] cheese - null
[2018-04-23T12:58:53.441] [DEBUG] cheese - null
[2018-04-23T12:58:53.444] [DEBUG] cheese - null
[2018-04-23T13:06:58.179] [DEBUG] cheese - null
[2018-04-23T13:06:58.183] [DEBUG] cheese - null
[2018-04-23T13:09:15.844] [DEBUG] cheese - null
[2018-04-23T13:09:37.130] [DEBUG] cheese - null
[2018-04-23T13:10:44.268] [DEBUG] cheese - null
[2018-04-23T13:11:02.007] [DEBUG] cheese - null
[2018-04-23T13:11:02.013] [DEBUG] cheese - null
[2018-04-23T13:14:24.910] [DEBUG] cheese - null
[2018-04-23T13:14:24.916] [DEBUG] cheese - null
[2018-04-23T13:15:25.446] [DEBUG] cheese - null
[2018-04-23T13:16:01.437] [DEBUG] cheese - null
[2018-04-23T13:16:01.441] [DEBUG] cheese - null
[2018-04-23T13:27:51.693] [DEBUG] cheese - null
[2018-04-23T13:28:27.757] [DEBUG] cheese - null
[2018-04-23T13:28:29.586] [DEBUG] cheese - null
[2018-04-23T13:28:29.589] [DEBUG] cheese - null
[2018-04-23T13:32:25.881] [DEBUG] cheese - null
[2018-04-23T13:32:26.792] [DEBUG] cheese - null
[2018-04-23T13:32:26.797] [DEBUG] cheese - null
[2018-04-23T13:32:53.407] [DEBUG] cheese - null
[2018-04-23T13:33:18.782] [DEBUG] cheese - null
[2018-04-23T13:33:19.645] [DEBUG] cheese - null
[2018-04-23T13:33:19.650] [DEBUG] cheese - null
[2018-04-23T13:33:31.791] [DEBUG] cheese - null
[2018-04-23T13:33:31.796] [DEBUG] cheese - null
[2018-04-23T13:35:09.221] [DEBUG] cheese - null
[2018-04-23T13:35:09.230] [DEBUG] cheese - null
[2018-04-23T13:35:37.586] [DEBUG] cheese - null
[2018-04-23T13:35:37.595] [DEBUG] cheese - null
[2018-04-23T13:41:47.201] [DEBUG] cheese - null
[2018-04-23T13:41:47.210] [DEBUG] cheese - null
[2018-04-23T13:43:00.647] [DEBUG] cheese - null
[2018-04-23T13:43:00.656] [DEBUG] cheese - null
[2018-04-23T13:43:05.907] [DEBUG] cheese - null
[2018-04-23T13:43:08.417] [DEBUG] cheese - null
[2018-04-23T13:43:08.421] [DEBUG] cheese - null
[2018-04-23T13:43:14.745] [DEBUG] cheese - null
[2018-04-23T13:43:14.753] [DEBUG] cheese - null
[2018-04-23T13:45:07.568] [DEBUG] cheese - null
[2018-04-23T13:45:07.575] [DEBUG] cheese - null
[2018-04-23T13:45:12.637] [DEBUG] cheese - null
[2018-04-23T13:45:12.640] [DEBUG] cheese - null
[2018-04-23T13:45:16.514] [DEBUG] cheese - null
[2018-04-23T13:45:16.521] [DEBUG] cheese - null
[2018-04-23T13:45:33.065] [DEBUG] cheese - null
[2018-04-23T13:45:33.069] [DEBUG] cheese - null
[2018-05-02T16:20:33.600] [DEBUG] cheese - null
[2018-05-02T16:20:43.000] [DEBUG] cheese - null
[2018-05-02T16:20:45.564] [DEBUG] cheese - null
[2018-05-02T16:20:45.567] [DEBUG] cheese - null
[2018-05-02T16:21:14.175] [DEBUG] cheese - null
[2018-05-02T16:21:14.178] [DEBUG] cheese - null
[2018-05-02T16:21:19.344] [DEBUG] cheese - null
[2018-05-02T16:21:19.346] [DEBUG] cheese - null
[2018-05-02T16:26:46.001] [DEBUG] cheese - null
[2018-05-02T16:26:46.420] [DEBUG] cheese - null
[2018-05-02T16:26:50.095] [DEBUG] cheese - null
[2018-05-02T16:27:24.226] [DEBUG] cheese - null
[2018-05-02T16:27:34.412] [DEBUG] cheese - null
[2018-05-02T16:27:35.602] [DEBUG] cheese - null
[2018-05-02T16:27:41.433] [DEBUG] cheese - null
[2018-05-04T00:53:40.021] [DEBUG] cheese - null
[2018-05-04T00:53:40.535] [DEBUG] cheese - null
[2018-05-04T00:53:53.178] [DEBUG] cheese - null
[2018-05-04T00:53:54.737] [DEBUG] cheese - null
[2018-05-04T00:54:05.398] [DEBUG] cheese - null
[2018-05-04T00:55:30.325] [DEBUG] cheese - null
[2018-05-04T00:55:37.194] [DEBUG] cheese - null
[2018-05-04T00:55:41.104] [DEBUG] cheese - null
[2018-05-04T00:55:42.988] [DEBUG] cheese - null
[2018-05-04T00:55:44.697] [DEBUG] cheese - null
[2018-05-04T01:01:47.755] [DEBUG] cheese - null
[2018-05-04T01:06:58.808] [DEBUG] cheese - null
[2018-08-04T22:00:20.934] [DEBUG] cheese - { Error: ER_BAD_FIELD_ERROR: Unknown column 'wx_open_id' in 'field list'
    at Query.Sequence._packetToError (C:\Users\YV\Desktop\shop2-server\shop2-server\node_modules\mysql\lib\protocol\sequences\Sequence.js:47:14)
    at Query.ErrorPacket (C:\Users\YV\Desktop\shop2-server\shop2-server\node_modules\mysql\lib\protocol\sequences\Query.js:77:18)
    at Protocol._parsePacket (C:\Users\YV\Desktop\shop2-server\shop2-server\node_modules\mysql\lib\protocol\Protocol.js:278:23)
    at Parser.write (C:\Users\YV\Desktop\shop2-server\shop2-server\node_modules\mysql\lib\protocol\Parser.js:76:12)
    at Protocol.write (C:\Users\YV\Desktop\shop2-server\shop2-server\node_modules\mysql\lib\protocol\Protocol.js:38:16)
    at Socket.<anonymous> (C:\Users\YV\Desktop\shop2-server\shop2-server\node_modules\mysql\lib\Connection.js:91:28)
    at Socket.<anonymous> (C:\Users\YV\Desktop\shop2-server\shop2-server\node_modules\mysql\lib\Connection.js:502:10)
    at emitOne (events.js:116:13)
    at Socket.emit (events.js:211:7)
    at addChunk (_stream_readable.js:263:12)
    at readableAddChunk (_stream_readable.js:250:11)
    at Socket.Readable.push (_stream_readable.js:208:10)
    at TCP.onread (net.js:594:20)
    --------------------
    at Protocol._enqueue (C:\Users\YV\Desktop\shop2-server\shop2-server\node_modules\mysql\lib\protocol\Protocol.js:144:48)
    at PoolConnection.query (C:\Users\YV\Desktop\shop2-server\shop2-server\node_modules\mysql\lib\Connection.js:200:25)
    at C:\Users\YV\Desktop\shop2-server\shop2-server\node_modules\orm\lib\Drivers\DML\mysql.js:231:9
    at Ping.onOperationComplete (C:\Users\YV\Desktop\shop2-server\shop2-server\node_modules\mysql\lib\Pool.js:110:5)
    at Ping.<anonymous> (C:\Users\YV\Desktop\shop2-server\shop2-server\node_modules\mysql\lib\Connection.js:502:10)
    at Ping._callback (C:\Users\YV\Desktop\shop2-server\shop2-server\node_modules\mysql\lib\Connection.js:468:16)
    at Ping.Sequence.end (C:\Users\YV\Desktop\shop2-server\shop2-server\node_modules\mysql\lib\protocol\sequences\Sequence.js:83:24)
    at Ping.Sequence.OkPacket (C:\Users\YV\Desktop\shop2-server\shop2-server\node_modules\mysql\lib\protocol\sequences\Sequence.js:92:8)
    at Protocol._parsePacket (C:\Users\YV\Desktop\shop2-server\shop2-server\node_modules\mysql\lib\protocol\Protocol.js:278:23)
    at Parser.write (C:\Users\YV\Desktop\shop2-server\shop2-server\node_modules\mysql\lib\protocol\Parser.js:76:12)
    at Protocol.write (C:\Users\YV\Desktop\shop2-server\shop2-server\node_modules\mysql\lib\protocol\Protocol.js:38:16)
    at Socket.<anonymous> (C:\Users\YV\Desktop\shop2-server\shop2-server\node_modules\mysql\lib\Connection.js:91:28)
    at Socket.<anonymous> (C:\Users\YV\Desktop\shop2-server\shop2-server\node_modules\mysql\lib\Connection.js:502:10)
    at emitOne (events.js:116:13)
    at Socket.emit (events.js:211:7)
    at addChunk (_stream_readable.js:263:12)
    at readableAddChunk (_stream_readable.js:250:11)
    at Socket.Readable.push (_stream_readable.js:208:10)
    at TCP.onread (net.js:594:20)
  code: 'ER_BAD_FIELD_ERROR',
  errno: 1054,
  sqlMessage: 'Unknown column \'wx_open_id\' in \'field list\'',
  sqlState: '42S22',
  index: 0,
  sql: 'SELECT `user_id`, `username`, `qq_open_id`, `password`, `user_email`, `user_email_code`, `is_active`, `user_sex`, `user_qq`, `user_tel`, `user_xueli`, `user_hobby`, `user_introduce`, `create_time`, `update_time`, `wx_open_id`, `wx_session_key`, `wx_union_id` FROM `sp_user` WHERE `wx_open_id` = \'o4GcF0WlkpuftedXs0n97cs_I_ro\' LIMIT 1' }
[2018-08-04T22:00:27.906] [DEBUG] cheese - { Error: ER_BAD_FIELD_ERROR: Unknown column 'wx_open_id' in 'field list'
    at Query.Sequence._packetToError (C:\Users\YV\Desktop\shop2-server\shop2-server\node_modules\mysql\lib\protocol\sequences\Sequence.js:47:14)
    at Query.ErrorPacket (C:\Users\YV\Desktop\shop2-server\shop2-server\node_modules\mysql\lib\protocol\sequences\Query.js:77:18)
    at Protocol._parsePacket (C:\Users\YV\Desktop\shop2-server\shop2-server\node_modules\mysql\lib\protocol\Protocol.js:278:23)
    at Parser.write (C:\Users\YV\Desktop\shop2-server\shop2-server\node_modules\mysql\lib\protocol\Parser.js:76:12)
    at Protocol.write (C:\Users\YV\Desktop\shop2-server\shop2-server\node_modules\mysql\lib\protocol\Protocol.js:38:16)
    at Socket.<anonymous> (C:\Users\YV\Desktop\shop2-server\shop2-server\node_modules\mysql\lib\Connection.js:91:28)
    at Socket.<anonymous> (C:\Users\YV\Desktop\shop2-server\shop2-server\node_modules\mysql\lib\Connection.js:502:10)
    at emitOne (events.js:116:13)
    at Socket.emit (events.js:211:7)
    at addChunk (_stream_readable.js:263:12)
    at readableAddChunk (_stream_readable.js:250:11)
    at Socket.Readable.push (_stream_readable.js:208:10)
    at TCP.onread (net.js:594:20)
    --------------------
    at Protocol._enqueue (C:\Users\YV\Desktop\shop2-server\shop2-server\node_modules\mysql\lib\protocol\Protocol.js:144:48)
    at PoolConnection.query (C:\Users\YV\Desktop\shop2-server\shop2-server\node_modules\mysql\lib\Connection.js:200:25)
    at C:\Users\YV\Desktop\shop2-server\shop2-server\node_modules\orm\lib\Drivers\DML\mysql.js:231:9
    at Ping.onOperationComplete (C:\Users\YV\Desktop\shop2-server\shop2-server\node_modules\mysql\lib\Pool.js:110:5)
    at Ping.<anonymous> (C:\Users\YV\Desktop\shop2-server\shop2-server\node_modules\mysql\lib\Connection.js:502:10)
    at Ping._callback (C:\Users\YV\Desktop\shop2-server\shop2-server\node_modules\mysql\lib\Connection.js:468:16)
    at Ping.Sequence.end (C:\Users\YV\Desktop\shop2-server\shop2-server\node_modules\mysql\lib\protocol\sequences\Sequence.js:83:24)
    at Ping.Sequence.OkPacket (C:\Users\YV\Desktop\shop2-server\shop2-server\node_modules\mysql\lib\protocol\sequences\Sequence.js:92:8)
    at Protocol._parsePacket (C:\Users\YV\Desktop\shop2-server\shop2-server\node_modules\mysql\lib\protocol\Protocol.js:278:23)
    at Parser.write (C:\Users\YV\Desktop\shop2-server\shop2-server\node_modules\mysql\lib\protocol\Parser.js:76:12)
    at Protocol.write (C:\Users\YV\Desktop\shop2-server\shop2-server\node_modules\mysql\lib\protocol\Protocol.js:38:16)
    at Socket.<anonymous> (C:\Users\YV\Desktop\shop2-server\shop2-server\node_modules\mysql\lib\Connection.js:91:28)
    at Socket.<anonymous> (C:\Users\YV\Desktop\shop2-server\shop2-server\node_modules\mysql\lib\Connection.js:502:10)
    at emitOne (events.js:116:13)
    at Socket.emit (events.js:211:7)
    at addChunk (_stream_readable.js:263:12)
    at readableAddChunk (_stream_readable.js:250:11)
    at Socket.Readable.push (_stream_readable.js:208:10)
    at TCP.onread (net.js:594:20)
  code: 'ER_BAD_FIELD_ERROR',
  errno: 1054,
  sqlMessage: 'Unknown column \'wx_open_id\' in \'field list\'',
  sqlState: '42S22',
  index: 0,
  sql: 'SELECT `user_id`, `username`, `qq_open_id`, `password`, `user_email`, `user_email_code`, `is_active`, `user_sex`, `user_qq`, `user_tel`, `user_xueli`, `user_hobby`, `user_introduce`, `create_time`, `update_time`, `wx_open_id`, `wx_session_key`, `wx_union_id` FROM `sp_user` WHERE `wx_open_id` = \'o4GcF0WlkpuftedXs0n97cs_I_ro\' LIMIT 1' }
[2018-08-04T22:08:48.662] [DEBUG] cheese - { Error: ER_BAD_FIELD_ERROR: Unknown column 'wx_open_id' in 'field list'
    at Query.Sequence._packetToError (C:\Users\YV\Desktop\shop2-server\shop2-server\node_modules\mysql\lib\protocol\sequences\Sequence.js:47:14)
    at Query.ErrorPacket (C:\Users\YV\Desktop\shop2-server\shop2-server\node_modules\mysql\lib\protocol\sequences\Query.js:77:18)
    at Protocol._parsePacket (C:\Users\YV\Desktop\shop2-server\shop2-server\node_modules\mysql\lib\protocol\Protocol.js:278:23)
    at Parser.write (C:\Users\YV\Desktop\shop2-server\shop2-server\node_modules\mysql\lib\protocol\Parser.js:76:12)
    at Protocol.write (C:\Users\YV\Desktop\shop2-server\shop2-server\node_modules\mysql\lib\protocol\Protocol.js:38:16)
    at Socket.<anonymous> (C:\Users\YV\Desktop\shop2-server\shop2-server\node_modules\mysql\lib\Connection.js:91:28)
    at Socket.<anonymous> (C:\Users\YV\Desktop\shop2-server\shop2-server\node_modules\mysql\lib\Connection.js:502:10)
    at emitOne (events.js:116:13)
    at Socket.emit (events.js:211:7)
    at addChunk (_stream_readable.js:263:12)
    at readableAddChunk (_stream_readable.js:250:11)
    at Socket.Readable.push (_stream_readable.js:208:10)
    at TCP.onread (net.js:594:20)
    --------------------
    at Protocol._enqueue (C:\Users\YV\Desktop\shop2-server\shop2-server\node_modules\mysql\lib\protocol\Protocol.js:144:48)
    at PoolConnection.query (C:\Users\YV\Desktop\shop2-server\shop2-server\node_modules\mysql\lib\Connection.js:200:25)
    at C:\Users\YV\Desktop\shop2-server\shop2-server\node_modules\orm\lib\Drivers\DML\mysql.js:231:9
    at Ping.onOperationComplete (C:\Users\YV\Desktop\shop2-server\shop2-server\node_modules\mysql\lib\Pool.js:110:5)
    at Ping.<anonymous> (C:\Users\YV\Desktop\shop2-server\shop2-server\node_modules\mysql\lib\Connection.js:502:10)
    at Ping._callback (C:\Users\YV\Desktop\shop2-server\shop2-server\node_modules\mysql\lib\Connection.js:468:16)
    at Ping.Sequence.end (C:\Users\YV\Desktop\shop2-server\shop2-server\node_modules\mysql\lib\protocol\sequences\Sequence.js:83:24)
    at Ping.Sequence.OkPacket (C:\Users\YV\Desktop\shop2-server\shop2-server\node_modules\mysql\lib\protocol\sequences\Sequence.js:92:8)
    at Protocol._parsePacket (C:\Users\YV\Desktop\shop2-server\shop2-server\node_modules\mysql\lib\protocol\Protocol.js:278:23)
    at Parser.write (C:\Users\YV\Desktop\shop2-server\shop2-server\node_modules\mysql\lib\protocol\Parser.js:76:12)
    at Protocol.write (C:\Users\YV\Desktop\shop2-server\shop2-server\node_modules\mysql\lib\protocol\Protocol.js:38:16)
    at Socket.<anonymous> (C:\Users\YV\Desktop\shop2-server\shop2-server\node_modules\mysql\lib\Connection.js:91:28)
    at Socket.<anonymous> (C:\Users\YV\Desktop\shop2-server\shop2-server\node_modules\mysql\lib\Connection.js:502:10)
    at emitOne (events.js:116:13)
    at Socket.emit (events.js:211:7)
    at addChunk (_stream_readable.js:263:12)
    at readableAddChunk (_stream_readable.js:250:11)
    at Socket.Readable.push (_stream_readable.js:208:10)
    at TCP.onread (net.js:594:20)
  code: 'ER_BAD_FIELD_ERROR',
  errno: 1054,
  sqlMessage: 'Unknown column \'wx_open_id\' in \'field list\'',
  sqlState: '42S22',
  index: 0,
  sql: 'SELECT `user_id`, `username`, `qq_open_id`, `password`, `user_email`, `user_email_code`, `is_active`, `user_sex`, `user_qq`, `user_tel`, `user_xueli`, `user_hobby`, `user_introduce`, `create_time`, `update_time`, `wx_open_id`, `wx_session_key`, `wx_union_id` FROM `sp_user` WHERE `wx_open_id` = \'o4GcF0WlkpuftedXs0n97cs_I_ro\' LIMIT 1' }
[2018-08-04T22:09:33.105] [DEBUG] cheese - { Error: ER_BAD_FIELD_ERROR: Unknown column 'wx_open_id' in 'field list'
    at Query.Sequence._packetToError (C:\Users\YV\Desktop\shop2-server\shop2-server\node_modules\mysql\lib\protocol\sequences\Sequence.js:47:14)
    at Query.ErrorPacket (C:\Users\YV\Desktop\shop2-server\shop2-server\node_modules\mysql\lib\protocol\sequences\Query.js:77:18)
    at Protocol._parsePacket (C:\Users\YV\Desktop\shop2-server\shop2-server\node_modules\mysql\lib\protocol\Protocol.js:278:23)
    at Parser.write (C:\Users\YV\Desktop\shop2-server\shop2-server\node_modules\mysql\lib\protocol\Parser.js:76:12)
    at Protocol.write (C:\Users\YV\Desktop\shop2-server\shop2-server\node_modules\mysql\lib\protocol\Protocol.js:38:16)
    at Socket.<anonymous> (C:\Users\YV\Desktop\shop2-server\shop2-server\node_modules\mysql\lib\Connection.js:91:28)
    at Socket.<anonymous> (C:\Users\YV\Desktop\shop2-server\shop2-server\node_modules\mysql\lib\Connection.js:502:10)
    at emitOne (events.js:116:13)
    at Socket.emit (events.js:211:7)
    at addChunk (_stream_readable.js:263:12)
    at readableAddChunk (_stream_readable.js:250:11)
    at Socket.Readable.push (_stream_readable.js:208:10)
    at TCP.onread (net.js:594:20)
    --------------------
    at Protocol._enqueue (C:\Users\YV\Desktop\shop2-server\shop2-server\node_modules\mysql\lib\protocol\Protocol.js:144:48)
    at PoolConnection.query (C:\Users\YV\Desktop\shop2-server\shop2-server\node_modules\mysql\lib\Connection.js:200:25)
    at C:\Users\YV\Desktop\shop2-server\shop2-server\node_modules\orm\lib\Drivers\DML\mysql.js:231:9
    at Ping.onOperationComplete (C:\Users\YV\Desktop\shop2-server\shop2-server\node_modules\mysql\lib\Pool.js:110:5)
    at Ping.<anonymous> (C:\Users\YV\Desktop\shop2-server\shop2-server\node_modules\mysql\lib\Connection.js:502:10)
    at Ping._callback (C:\Users\YV\Desktop\shop2-server\shop2-server\node_modules\mysql\lib\Connection.js:468:16)
    at Ping.Sequence.end (C:\Users\YV\Desktop\shop2-server\shop2-server\node_modules\mysql\lib\protocol\sequences\Sequence.js:83:24)
    at Ping.Sequence.OkPacket (C:\Users\YV\Desktop\shop2-server\shop2-server\node_modules\mysql\lib\protocol\sequences\Sequence.js:92:8)
    at Protocol._parsePacket (C:\Users\YV\Desktop\shop2-server\shop2-server\node_modules\mysql\lib\protocol\Protocol.js:278:23)
    at Parser.write (C:\Users\YV\Desktop\shop2-server\shop2-server\node_modules\mysql\lib\protocol\Parser.js:76:12)
    at Protocol.write (C:\Users\YV\Desktop\shop2-server\shop2-server\node_modules\mysql\lib\protocol\Protocol.js:38:16)
    at Socket.<anonymous> (C:\Users\YV\Desktop\shop2-server\shop2-server\node_modules\mysql\lib\Connection.js:91:28)
    at Socket.<anonymous> (C:\Users\YV\Desktop\shop2-server\shop2-server\node_modules\mysql\lib\Connection.js:502:10)
    at emitOne (events.js:116:13)
    at Socket.emit (events.js:211:7)
    at addChunk (_stream_readable.js:263:12)
    at readableAddChunk (_stream_readable.js:250:11)
    at Socket.Readable.push (_stream_readable.js:208:10)
    at TCP.onread (net.js:594:20)
  code: 'ER_BAD_FIELD_ERROR',
  errno: 1054,
  sqlMessage: 'Unknown column \'wx_open_id\' in \'field list\'',
  sqlState: '42S22',
  index: 0,
  sql: 'SELECT `user_id`, `username`, `qq_open_id`, `password`, `user_email`, `user_email_code`, `is_active`, `user_sex`, `user_qq`, `user_tel`, `user_xueli`, `user_hobby`, `user_introduce`, `create_time`, `update_time`, `wx_open_id`, `wx_session_key`, `wx_union_id` FROM `sp_user` WHERE `wx_open_id` = \'o4GcF0WlkpuftedXs0n97cs_I_ro\' LIMIT 1' }
[2018-08-04T22:10:00.603] [DEBUG] cheese - { Error: ER_BAD_FIELD_ERROR: Unknown column 'wx_open_id' in 'field list'
    at Query.Sequence._packetToError (C:\Users\YV\Desktop\shop2-server\shop2-server\node_modules\mysql\lib\protocol\sequences\Sequence.js:47:14)
    at Query.ErrorPacket (C:\Users\YV\Desktop\shop2-server\shop2-server\node_modules\mysql\lib\protocol\sequences\Query.js:77:18)
    at Protocol._parsePacket (C:\Users\YV\Desktop\shop2-server\shop2-server\node_modules\mysql\lib\protocol\Protocol.js:278:23)
    at Parser.write (C:\Users\YV\Desktop\shop2-server\shop2-server\node_modules\mysql\lib\protocol\Parser.js:76:12)
    at Protocol.write (C:\Users\YV\Desktop\shop2-server\shop2-server\node_modules\mysql\lib\protocol\Protocol.js:38:16)
    at Socket.<anonymous> (C:\Users\YV\Desktop\shop2-server\shop2-server\node_modules\mysql\lib\Connection.js:91:28)
    at Socket.<anonymous> (C:\Users\YV\Desktop\shop2-server\shop2-server\node_modules\mysql\lib\Connection.js:502:10)
    at emitOne (events.js:116:13)
    at Socket.emit (events.js:211:7)
    at addChunk (_stream_readable.js:263:12)
    at readableAddChunk (_stream_readable.js:250:11)
    at Socket.Readable.push (_stream_readable.js:208:10)
    at TCP.onread (net.js:594:20)
    --------------------
    at Protocol._enqueue (C:\Users\YV\Desktop\shop2-server\shop2-server\node_modules\mysql\lib\protocol\Protocol.js:144:48)
    at PoolConnection.query (C:\Users\YV\Desktop\shop2-server\shop2-server\node_modules\mysql\lib\Connection.js:200:25)
    at C:\Users\YV\Desktop\shop2-server\shop2-server\node_modules\orm\lib\Drivers\DML\mysql.js:231:9
    at Ping.onOperationComplete (C:\Users\YV\Desktop\shop2-server\shop2-server\node_modules\mysql\lib\Pool.js:110:5)
    at Ping.<anonymous> (C:\Users\YV\Desktop\shop2-server\shop2-server\node_modules\mysql\lib\Connection.js:502:10)
    at Ping._callback (C:\Users\YV\Desktop\shop2-server\shop2-server\node_modules\mysql\lib\Connection.js:468:16)
    at Ping.Sequence.end (C:\Users\YV\Desktop\shop2-server\shop2-server\node_modules\mysql\lib\protocol\sequences\Sequence.js:83:24)
    at Ping.Sequence.OkPacket (C:\Users\YV\Desktop\shop2-server\shop2-server\node_modules\mysql\lib\protocol\sequences\Sequence.js:92:8)
    at Protocol._parsePacket (C:\Users\YV\Desktop\shop2-server\shop2-server\node_modules\mysql\lib\protocol\Protocol.js:278:23)
    at Parser.write (C:\Users\YV\Desktop\shop2-server\shop2-server\node_modules\mysql\lib\protocol\Parser.js:76:12)
    at Protocol.write (C:\Users\YV\Desktop\shop2-server\shop2-server\node_modules\mysql\lib\protocol\Protocol.js:38:16)
    at Socket.<anonymous> (C:\Users\YV\Desktop\shop2-server\shop2-server\node_modules\mysql\lib\Connection.js:91:28)
    at Socket.<anonymous> (C:\Users\YV\Desktop\shop2-server\shop2-server\node_modules\mysql\lib\Connection.js:502:10)
    at emitOne (events.js:116:13)
    at Socket.emit (events.js:211:7)
    at addChunk (_stream_readable.js:263:12)
    at readableAddChunk (_stream_readable.js:250:11)
    at Socket.Readable.push (_stream_readable.js:208:10)
    at TCP.onread (net.js:594:20)
  code: 'ER_BAD_FIELD_ERROR',
  errno: 1054,
  sqlMessage: 'Unknown column \'wx_open_id\' in \'field list\'',
  sqlState: '42S22',
  index: 0,
  sql: 'SELECT `user_id`, `username`, `qq_open_id`, `password`, `user_email`, `user_email_code`, `is_active`, `user_sex`, `user_qq`, `user_tel`, `user_xueli`, `user_hobby`, `user_introduce`, `create_time`, `update_time`, `wx_open_id`, `wx_session_key`, `wx_union_id` FROM `sp_user` WHERE `wx_open_id` = \'o4GcF0WlkpuftedXs0n97cs_I_ro\' LIMIT 1' }
[2018-08-04T22:13:07.344] [DEBUG] cheese - { Error: ER_BAD_FIELD_ERROR: Unknown column 'wx_open_id' in 'field list'
    at Query.Sequence._packetToError (C:\Users\YV\Desktop\shop2-server\shop2-server\node_modules\mysql\lib\protocol\sequences\Sequence.js:47:14)
    at Query.ErrorPacket (C:\Users\YV\Desktop\shop2-server\shop2-server\node_modules\mysql\lib\protocol\sequences\Query.js:77:18)
    at Protocol._parsePacket (C:\Users\YV\Desktop\shop2-server\shop2-server\node_modules\mysql\lib\protocol\Protocol.js:278:23)
    at Parser.write (C:\Users\YV\Desktop\shop2-server\shop2-server\node_modules\mysql\lib\protocol\Parser.js:76:12)
    at Protocol.write (C:\Users\YV\Desktop\shop2-server\shop2-server\node_modules\mysql\lib\protocol\Protocol.js:38:16)
    at Socket.<anonymous> (C:\Users\YV\Desktop\shop2-server\shop2-server\node_modules\mysql\lib\Connection.js:91:28)
    at Socket.<anonymous> (C:\Users\YV\Desktop\shop2-server\shop2-server\node_modules\mysql\lib\Connection.js:502:10)
    at emitOne (events.js:116:13)
    at Socket.emit (events.js:211:7)
    at addChunk (_stream_readable.js:263:12)
    at readableAddChunk (_stream_readable.js:250:11)
    at Socket.Readable.push (_stream_readable.js:208:10)
    at TCP.onread (net.js:594:20)
    --------------------
    at Protocol._enqueue (C:\Users\YV\Desktop\shop2-server\shop2-server\node_modules\mysql\lib\protocol\Protocol.js:144:48)
    at PoolConnection.query (C:\Users\YV\Desktop\shop2-server\shop2-server\node_modules\mysql\lib\Connection.js:200:25)
    at C:\Users\YV\Desktop\shop2-server\shop2-server\node_modules\orm\lib\Drivers\DML\mysql.js:231:9
    at Ping.onOperationComplete (C:\Users\YV\Desktop\shop2-server\shop2-server\node_modules\mysql\lib\Pool.js:110:5)
    at Ping.<anonymous> (C:\Users\YV\Desktop\shop2-server\shop2-server\node_modules\mysql\lib\Connection.js:502:10)
    at Ping._callback (C:\Users\YV\Desktop\shop2-server\shop2-server\node_modules\mysql\lib\Connection.js:468:16)
    at Ping.Sequence.end (C:\Users\YV\Desktop\shop2-server\shop2-server\node_modules\mysql\lib\protocol\sequences\Sequence.js:83:24)
    at Ping.Sequence.OkPacket (C:\Users\YV\Desktop\shop2-server\shop2-server\node_modules\mysql\lib\protocol\sequences\Sequence.js:92:8)
    at Protocol._parsePacket (C:\Users\YV\Desktop\shop2-server\shop2-server\node_modules\mysql\lib\protocol\Protocol.js:278:23)
    at Parser.write (C:\Users\YV\Desktop\shop2-server\shop2-server\node_modules\mysql\lib\protocol\Parser.js:76:12)
    at Protocol.write (C:\Users\YV\Desktop\shop2-server\shop2-server\node_modules\mysql\lib\protocol\Protocol.js:38:16)
    at Socket.<anonymous> (C:\Users\YV\Desktop\shop2-server\shop2-server\node_modules\mysql\lib\Connection.js:91:28)
    at Socket.<anonymous> (C:\Users\YV\Desktop\shop2-server\shop2-server\node_modules\mysql\lib\Connection.js:502:10)
    at emitOne (events.js:116:13)
    at Socket.emit (events.js:211:7)
    at addChunk (_stream_readable.js:263:12)
    at readableAddChunk (_stream_readable.js:250:11)
    at Socket.Readable.push (_stream_readable.js:208:10)
    at TCP.onread (net.js:594:20)
  code: 'ER_BAD_FIELD_ERROR',
  errno: 1054,
  sqlMessage: 'Unknown column \'wx_open_id\' in \'field list\'',
  sqlState: '42S22',
  index: 0,
  sql: 'SELECT `user_id`, `username`, `qq_open_id`, `password`, `user_email`, `user_email_code`, `is_active`, `user_sex`, `user_qq`, `user_tel`, `user_xueli`, `user_hobby`, `user_introduce`, `create_time`, `update_time`, `wx_open_id`, `wx_session_key`, `wx_union_id` FROM `sp_user` WHERE `wx_open_id` = \'o4GcF0WlkpuftedXs0n97cs_I_ro\' LIMIT 1' }
[2018-08-04T22:14:31.122] [DEBUG] cheese - { Error: ER_BAD_FIELD_ERROR: Unknown column 'wx_open_id' in 'field list'
    at Query.Sequence._packetToError (C:\Users\YV\Desktop\shop2-server\shop2-server\node_modules\mysql\lib\protocol\sequences\Sequence.js:47:14)
    at Query.ErrorPacket (C:\Users\YV\Desktop\shop2-server\shop2-server\node_modules\mysql\lib\protocol\sequences\Query.js:77:18)
    at Protocol._parsePacket (C:\Users\YV\Desktop\shop2-server\shop2-server\node_modules\mysql\lib\protocol\Protocol.js:278:23)
    at Parser.write (C:\Users\YV\Desktop\shop2-server\shop2-server\node_modules\mysql\lib\protocol\Parser.js:76:12)
    at Protocol.write (C:\Users\YV\Desktop\shop2-server\shop2-server\node_modules\mysql\lib\protocol\Protocol.js:38:16)
    at Socket.<anonymous> (C:\Users\YV\Desktop\shop2-server\shop2-server\node_modules\mysql\lib\Connection.js:91:28)
    at Socket.<anonymous> (C:\Users\YV\Desktop\shop2-server\shop2-server\node_modules\mysql\lib\Connection.js:502:10)
    at emitOne (events.js:116:13)
    at Socket.emit (events.js:211:7)
    at addChunk (_stream_readable.js:263:12)
    at readableAddChunk (_stream_readable.js:250:11)
    at Socket.Readable.push (_stream_readable.js:208:10)
    at TCP.onread (net.js:594:20)
    --------------------
    at Protocol._enqueue (C:\Users\YV\Desktop\shop2-server\shop2-server\node_modules\mysql\lib\protocol\Protocol.js:144:48)
    at PoolConnection.query (C:\Users\YV\Desktop\shop2-server\shop2-server\node_modules\mysql\lib\Connection.js:200:25)
    at C:\Users\YV\Desktop\shop2-server\shop2-server\node_modules\orm\lib\Drivers\DML\mysql.js:231:9
    at Ping.onOperationComplete (C:\Users\YV\Desktop\shop2-server\shop2-server\node_modules\mysql\lib\Pool.js:110:5)
    at Ping.<anonymous> (C:\Users\YV\Desktop\shop2-server\shop2-server\node_modules\mysql\lib\Connection.js:502:10)
    at Ping._callback (C:\Users\YV\Desktop\shop2-server\shop2-server\node_modules\mysql\lib\Connection.js:468:16)
    at Ping.Sequence.end (C:\Users\YV\Desktop\shop2-server\shop2-server\node_modules\mysql\lib\protocol\sequences\Sequence.js:83:24)
    at Ping.Sequence.OkPacket (C:\Users\YV\Desktop\shop2-server\shop2-server\node_modules\mysql\lib\protocol\sequences\Sequence.js:92:8)
    at Protocol._parsePacket (C:\Users\YV\Desktop\shop2-server\shop2-server\node_modules\mysql\lib\protocol\Protocol.js:278:23)
    at Parser.write (C:\Users\YV\Desktop\shop2-server\shop2-server\node_modules\mysql\lib\protocol\Parser.js:76:12)
    at Protocol.write (C:\Users\YV\Desktop\shop2-server\shop2-server\node_modules\mysql\lib\protocol\Protocol.js:38:16)
    at Socket.<anonymous> (C:\Users\YV\Desktop\shop2-server\shop2-server\node_modules\mysql\lib\Connection.js:91:28)
    at Socket.<anonymous> (C:\Users\YV\Desktop\shop2-server\shop2-server\node_modules\mysql\lib\Connection.js:502:10)
    at emitOne (events.js:116:13)
    at Socket.emit (events.js:211:7)
    at addChunk (_stream_readable.js:263:12)
    at readableAddChunk (_stream_readable.js:250:11)
    at Socket.Readable.push (_stream_readable.js:208:10)
    at TCP.onread (net.js:594:20)
  code: 'ER_BAD_FIELD_ERROR',
  errno: 1054,
  sqlMessage: 'Unknown column \'wx_open_id\' in \'field list\'',
  sqlState: '42S22',
  index: 0,
  sql: 'SELECT `user_id`, `username`, `qq_open_id`, `password`, `user_email`, `user_email_code`, `is_active`, `user_sex`, `user_qq`, `user_tel`, `user_xueli`, `user_hobby`, `user_introduce`, `create_time`, `update_time`, `wx_open_id`, `wx_session_key`, `wx_union_id` FROM `sp_user` WHERE `wx_open_id` = \'o4GcF0WlkpuftedXs0n97cs_I_ro\' LIMIT 1' }
[2018-08-04T22:14:32.409] [DEBUG] cheese - { Error: ER_BAD_FIELD_ERROR: Unknown column 'wx_open_id' in 'field list'
    at Query.Sequence._packetToError (C:\Users\YV\Desktop\shop2-server\shop2-server\node_modules\mysql\lib\protocol\sequences\Sequence.js:47:14)
    at Query.ErrorPacket (C:\Users\YV\Desktop\shop2-server\shop2-server\node_modules\mysql\lib\protocol\sequences\Query.js:77:18)
    at Protocol._parsePacket (C:\Users\YV\Desktop\shop2-server\shop2-server\node_modules\mysql\lib\protocol\Protocol.js:278:23)
    at Parser.write (C:\Users\YV\Desktop\shop2-server\shop2-server\node_modules\mysql\lib\protocol\Parser.js:76:12)
    at Protocol.write (C:\Users\YV\Desktop\shop2-server\shop2-server\node_modules\mysql\lib\protocol\Protocol.js:38:16)
    at Socket.<anonymous> (C:\Users\YV\Desktop\shop2-server\shop2-server\node_modules\mysql\lib\Connection.js:91:28)
    at Socket.<anonymous> (C:\Users\YV\Desktop\shop2-server\shop2-server\node_modules\mysql\lib\Connection.js:502:10)
    at emitOne (events.js:116:13)
    at Socket.emit (events.js:211:7)
    at addChunk (_stream_readable.js:263:12)
    at readableAddChunk (_stream_readable.js:250:11)
    at Socket.Readable.push (_stream_readable.js:208:10)
    at TCP.onread (net.js:594:20)
    --------------------
    at Protocol._enqueue (C:\Users\YV\Desktop\shop2-server\shop2-server\node_modules\mysql\lib\protocol\Protocol.js:144:48)
    at PoolConnection.query (C:\Users\YV\Desktop\shop2-server\shop2-server\node_modules\mysql\lib\Connection.js:200:25)
    at C:\Users\YV\Desktop\shop2-server\shop2-server\node_modules\orm\lib\Drivers\DML\mysql.js:231:9
    at Ping.onOperationComplete (C:\Users\YV\Desktop\shop2-server\shop2-server\node_modules\mysql\lib\Pool.js:110:5)
    at Ping.<anonymous> (C:\Users\YV\Desktop\shop2-server\shop2-server\node_modules\mysql\lib\Connection.js:502:10)
    at Ping._callback (C:\Users\YV\Desktop\shop2-server\shop2-server\node_modules\mysql\lib\Connection.js:468:16)
    at Ping.Sequence.end (C:\Users\YV\Desktop\shop2-server\shop2-server\node_modules\mysql\lib\protocol\sequences\Sequence.js:83:24)
    at Ping.Sequence.OkPacket (C:\Users\YV\Desktop\shop2-server\shop2-server\node_modules\mysql\lib\protocol\sequences\Sequence.js:92:8)
    at Protocol._parsePacket (C:\Users\YV\Desktop\shop2-server\shop2-server\node_modules\mysql\lib\protocol\Protocol.js:278:23)
    at Parser.write (C:\Users\YV\Desktop\shop2-server\shop2-server\node_modules\mysql\lib\protocol\Parser.js:76:12)
    at Protocol.write (C:\Users\YV\Desktop\shop2-server\shop2-server\node_modules\mysql\lib\protocol\Protocol.js:38:16)
    at Socket.<anonymous> (C:\Users\YV\Desktop\shop2-server\shop2-server\node_modules\mysql\lib\Connection.js:91:28)
    at Socket.<anonymous> (C:\Users\YV\Desktop\shop2-server\shop2-server\node_modules\mysql\lib\Connection.js:502:10)
    at emitOne (events.js:116:13)
    at Socket.emit (events.js:211:7)
    at addChunk (_stream_readable.js:263:12)
    at readableAddChunk (_stream_readable.js:250:11)
    at Socket.Readable.push (_stream_readable.js:208:10)
    at TCP.onread (net.js:594:20)
  code: 'ER_BAD_FIELD_ERROR',
  errno: 1054,
  sqlMessage: 'Unknown column \'wx_open_id\' in \'field list\'',
  sqlState: '42S22',
  index: 0,
  sql: 'SELECT `user_id`, `username`, `qq_open_id`, `password`, `user_email`, `user_email_code`, `is_active`, `user_sex`, `user_qq`, `user_tel`, `user_xueli`, `user_hobby`, `user_introduce`, `create_time`, `update_time`, `wx_open_id`, `wx_session_key`, `wx_union_id` FROM `sp_user` WHERE `wx_open_id` = \'o4GcF0WlkpuftedXs0n97cs_I_ro\' LIMIT 1' }
[2018-08-04T22:19:13.643] [DEBUG] cheese - { Error: ER_BAD_FIELD_ERROR: Unknown column 'wx_open_id' in 'field list'
    at Query.Sequence._packetToError (C:\Users\YV\Desktop\shop2-server\shop2-server\node_modules\mysql\lib\protocol\sequences\Sequence.js:47:14)
    at Query.ErrorPacket (C:\Users\YV\Desktop\shop2-server\shop2-server\node_modules\mysql\lib\protocol\sequences\Query.js:77:18)
    at Protocol._parsePacket (C:\Users\YV\Desktop\shop2-server\shop2-server\node_modules\mysql\lib\protocol\Protocol.js:278:23)
    at Parser.write (C:\Users\YV\Desktop\shop2-server\shop2-server\node_modules\mysql\lib\protocol\Parser.js:76:12)
    at Protocol.write (C:\Users\YV\Desktop\shop2-server\shop2-server\node_modules\mysql\lib\protocol\Protocol.js:38:16)
    at Socket.<anonymous> (C:\Users\YV\Desktop\shop2-server\shop2-server\node_modules\mysql\lib\Connection.js:91:28)
    at Socket.<anonymous> (C:\Users\YV\Desktop\shop2-server\shop2-server\node_modules\mysql\lib\Connection.js:502:10)
    at emitOne (events.js:116:13)
    at Socket.emit (events.js:211:7)
    at addChunk (_stream_readable.js:263:12)
    at readableAddChunk (_stream_readable.js:250:11)
    at Socket.Readable.push (_stream_readable.js:208:10)
    at TCP.onread (net.js:594:20)
    --------------------
    at Protocol._enqueue (C:\Users\YV\Desktop\shop2-server\shop2-server\node_modules\mysql\lib\protocol\Protocol.js:144:48)
    at PoolConnection.query (C:\Users\YV\Desktop\shop2-server\shop2-server\node_modules\mysql\lib\Connection.js:200:25)
    at C:\Users\YV\Desktop\shop2-server\shop2-server\node_modules\orm\lib\Drivers\DML\mysql.js:231:9
    at Ping.onOperationComplete (C:\Users\YV\Desktop\shop2-server\shop2-server\node_modules\mysql\lib\Pool.js:110:5)
    at Ping.<anonymous> (C:\Users\YV\Desktop\shop2-server\shop2-server\node_modules\mysql\lib\Connection.js:502:10)
    at Ping._callback (C:\Users\YV\Desktop\shop2-server\shop2-server\node_modules\mysql\lib\Connection.js:468:16)
    at Ping.Sequence.end (C:\Users\YV\Desktop\shop2-server\shop2-server\node_modules\mysql\lib\protocol\sequences\Sequence.js:83:24)
    at Ping.Sequence.OkPacket (C:\Users\YV\Desktop\shop2-server\shop2-server\node_modules\mysql\lib\protocol\sequences\Sequence.js:92:8)
    at Protocol._parsePacket (C:\Users\YV\Desktop\shop2-server\shop2-server\node_modules\mysql\lib\protocol\Protocol.js:278:23)
    at Parser.write (C:\Users\YV\Desktop\shop2-server\shop2-server\node_modules\mysql\lib\protocol\Parser.js:76:12)
    at Protocol.write (C:\Users\YV\Desktop\shop2-server\shop2-server\node_modules\mysql\lib\protocol\Protocol.js:38:16)
    at Socket.<anonymous> (C:\Users\YV\Desktop\shop2-server\shop2-server\node_modules\mysql\lib\Connection.js:91:28)
    at Socket.<anonymous> (C:\Users\YV\Desktop\shop2-server\shop2-server\node_modules\mysql\lib\Connection.js:502:10)
    at emitOne (events.js:116:13)
    at Socket.emit (events.js:211:7)
    at addChunk (_stream_readable.js:263:12)
    at readableAddChunk (_stream_readable.js:250:11)
    at Socket.Readable.push (_stream_readable.js:208:10)
    at TCP.onread (net.js:594:20)
  code: 'ER_BAD_FIELD_ERROR',
  errno: 1054,
  sqlMessage: 'Unknown column \'wx_open_id\' in \'field list\'',
  sqlState: '42S22',
  index: 0,
  sql: 'SELECT `user_id`, `username`, `qq_open_id`, `password`, `user_email`, `user_email_code`, `is_active`, `user_sex`, `user_qq`, `user_tel`, `user_xueli`, `user_hobby`, `user_introduce`, `create_time`, `update_time`, `wx_open_id`, `wx_session_key`, `wx_union_id` FROM `sp_user` WHERE `wx_open_id` = \'o4GcF0WlkpuftedXs0n97cs_I_ro\' LIMIT 1' }
[2018-08-04T22:49:19.649] [DEBUG] cheese - null
[2018-08-04T23:54:16.477] [DEBUG] cheese - null
[2018-08-04T23:54:31.313] [DEBUG] cheese - null
[2018-08-05T00:20:06.114] [DEBUG] cheese - null
[2018-08-05T10:10:57.560] [DEBUG] cheese - null
[2018-08-05T10:19:57.613] [DEBUG] cheese - null
[2018-08-05T10:41:39.024] [DEBUG] cheese - null
[2018-08-05T10:43:24.713] [DEBUG] cheese - null
[2018-08-05T11:16:36.061] [DEBUG] cheese - null
[2018-08-05T11:21:00.719] [DEBUG] cheese - null
[2018-08-05T11:21:11.193] [DEBUG] cheese - null
[2018-08-05T11:21:37.046] [DEBUG] cheese - null
[2018-08-05T11:22:41.493] [DEBUG] cheese - null
[2018-08-05T11:23:08.374] [DEBUG] cheese - null
[2018-08-05T11:33:05.459] [DEBUG] cheese - null
[2018-08-05T11:33:57.977] [DEBUG] cheese - null
[2018-08-05T11:33:57.995] [DEBUG] cheese - null
[2018-08-05T11:33:57.998] [DEBUG] cheese - null
